0 info it worked if it ends with ok
1 verbose cli [ 'C:\\Program Files\\nodejs\\\\node.exe',
1 verbose cli   'C:\\Program Files\\nodejs\\node_modules\\npm\\bin\\npm-cli.js',
1 verbose cli   'install',
1 verbose cli   'mprgan' ]
2 info using npm@1.4.28
3 info using node@v0.10.35
4 verbose node symlink C:\Program Files\nodejs\\node.exe
5 verbose cache add [ 'mprgan', null ]
6 verbose cache add name=undefined spec="mprgan" args=["mprgan",null]
7 verbose parsed url { protocol: null,
7 verbose parsed url   slashes: null,
7 verbose parsed url   auth: null,
7 verbose parsed url   host: null,
7 verbose parsed url   port: null,
7 verbose parsed url   hostname: null,
7 verbose parsed url   hash: null,
7 verbose parsed url   search: null,
7 verbose parsed url   query: null,
7 verbose parsed url   pathname: 'mprgan',
7 verbose parsed url   path: 'mprgan',
7 verbose parsed url   href: 'mprgan' }
8 silly lockFile 400d5d64-mprgan mprgan
9 verbose lock mprgan C:\Users\Ashok\AppData\Roaming\npm-cache\400d5d64-mprgan.lock
10 silly lockFile 400d5d64-mprgan mprgan
11 silly lockFile 400d5d64-mprgan mprgan
12 verbose addNamed [ 'mprgan', '' ]
13 verbose addNamed [ null, '*' ]
14 silly lockFile 233bf45a-mprgan mprgan@
15 verbose lock mprgan@ C:\Users\Ashok\AppData\Roaming\npm-cache\233bf45a-mprgan.lock
16 silly addNameRange { name: 'mprgan', range: '*', hasData: false }
17 verbose request where is /mprgan
18 verbose request registry https://registry.npmjs.org/
19 verbose request id d57e09cdb29666df
20 verbose url raw /mprgan
21 verbose url resolving [ 'https://registry.npmjs.org/', './mprgan' ]
22 verbose url resolved https://registry.npmjs.org/mprgan
23 verbose request where is https://registry.npmjs.org/mprgan
24 info trying registry request attempt 1 at 18:35:42
25 http GET https://registry.npmjs.org/mprgan
26 http 404 https://registry.npmjs.org/mprgan
27 verbose headers { date: 'Tue, 31 Mar 2015 01:35:43 GMT',
27 verbose headers   server: 'CouchDB/1.5.0 (Erlang OTP/R16B03)',
27 verbose headers   'content-type': 'application/json',
27 verbose headers   'cache-control': 'max-age=0',
27 verbose headers   'content-length': '51',
27 verbose headers   'accept-ranges': 'bytes',
27 verbose headers   via: '1.1 varnish',
27 verbose headers   age: '0',
27 verbose headers   'x-served-by': 'cache-sjc3128-SJC',
27 verbose headers   'x-cache': 'MISS',
27 verbose headers   'x-cache-hits': '0',
27 verbose headers   'x-timer': 'S1427765743.854183,VS0,VE39',
27 verbose headers   'keep-alive': 'timeout=10, max=50',
27 verbose headers   connection: 'Keep-Alive' }
28 silly registry.get cb [ 404,
28 silly registry.get   { date: 'Tue, 31 Mar 2015 01:35:43 GMT',
28 silly registry.get     server: 'CouchDB/1.5.0 (Erlang OTP/R16B03)',
28 silly registry.get     'content-type': 'application/json',
28 silly registry.get     'cache-control': 'max-age=0',
28 silly registry.get     'content-length': '51',
28 silly registry.get     'accept-ranges': 'bytes',
28 silly registry.get     via: '1.1 varnish',
28 silly registry.get     age: '0',
28 silly registry.get     'x-served-by': 'cache-sjc3128-SJC',
28 silly registry.get     'x-cache': 'MISS',
28 silly registry.get     'x-cache-hits': '0',
28 silly registry.get     'x-timer': 'S1427765743.854183,VS0,VE39',
28 silly registry.get     'keep-alive': 'timeout=10, max=50',
28 silly registry.get     connection: 'Keep-Alive' } ]
29 silly lockFile 233bf45a-mprgan mprgan@
30 silly lockFile 233bf45a-mprgan mprgan@
31 error 404 404 Not Found: mprgan
31 error 404
31 error 404 'mprgan' is not in the npm registry.
31 error 404 You should bug the author to publish it
31 error 404
31 error 404 Note that you can also install from a
31 error 404 tarball, folder, or http url, or git url.
32 error System Windows_NT 6.1.7601
33 error command "C:\\Program Files\\nodejs\\\\node.exe" "C:\\Program Files\\nodejs\\node_modules\\npm\\bin\\npm-cli.js" "install" "mprgan"
34 error cwd D:\Enide_Eclipse studio\Enide-Studio-2014.17-luna-SR1-win64\ws\signalr_server
35 error node -v v0.10.35
36 error npm -v 1.4.28
37 error code E404
38 verbose exit [ 1, true ]
